Vivado Simulator v2023.1
Copyright 1986-2022 Xilinx, Inc. All Rights Reserved.
Copyright 2022-2023 Advanced Micro Devices, Inc. All Rights Reserved.
Running: C:/Xilinx/Vivado/2023.1/bin/unwrapped/win64.o/xelab.exe --incr --debug typical --relax --mt 2 -L xil_defaultlib -L unisims_ver -L unimacro_ver -L secureip --snapshot traffic_tb_behav xil_defaultlib.traffic_tb xil_defaultlib.glbl -log elaborate.log 
Using 2 slave threads.
Starting static elaboration
Pass Through NonSizing Optimizer
WARNING: [VRFC 10-8967] first argument of $fatal is invalid; expected 0, 1 or 2 [C:/archive/4waytrafficlightsignal/Hybrid/FixedSequenceTrafficLightStateMachine.srcs/sim_1/new/traffictb.v:93]
WARNING: [VRFC 10-8967] first argument of $fatal is invalid; expected 0, 1 or 2 [C:/archive/4waytrafficlightsignal/Hybrid/FixedSequenceTrafficLightStateMachine.srcs/sim_1/new/traffictb.v:94]
WARNING: [VRFC 10-8967] first argument of $fatal is invalid; expected 0, 1 or 2 [C:/archive/4waytrafficlightsignal/Hybrid/FixedSequenceTrafficLightStateMachine.srcs/sim_1/new/traffictb.v:95]
WARNING: [VRFC 10-8967] first argument of $fatal is invalid; expected 0, 1 or 2 [C:/archive/4waytrafficlightsignal/Hybrid/FixedSequenceTrafficLightStateMachine.srcs/sim_1/new/traffictb.v:96]
WARNING: [VRFC 10-8967] first argument of $fatal is invalid; expected 0, 1 or 2 [C:/archive/4waytrafficlightsignal/Hybrid/FixedSequenceTrafficLightStateMachine.srcs/sim_1/new/traffictb.v:97]
WARNING: [VRFC 10-8967] first argument of $fatal is invalid; expected 0, 1 or 2 [C:/archive/4waytrafficlightsignal/Hybrid/FixedSequenceTrafficLightStateMachine.srcs/sim_1/new/traffictb.v:98]
WARNING: [VRFC 10-8967] first argument of $fatal is invalid; expected 0, 1 or 2 [C:/archive/4waytrafficlightsignal/Hybrid/FixedSequenceTrafficLightStateMachine.srcs/sim_1/new/traffictb.v:99]
WARNING: [VRFC 10-8967] first argument of $fatal is invalid; expected 0, 1 or 2 [C:/archive/4waytrafficlightsignal/Hybrid/FixedSequenceTrafficLightStateMachine.srcs/sim_1/new/traffictb.v:100]
WARNING: [VRFC 10-8967] first argument of $fatal is invalid; expected 0, 1 or 2 [C:/archive/4waytrafficlightsignal/Hybrid/FixedSequenceTrafficLightStateMachine.srcs/sim_1/new/traffictb.v:101]
WARNING: [VRFC 10-8967] first argument of $fatal is invalid; expected 0, 1 or 2 [C:/archive/4waytrafficlightsignal/Hybrid/FixedSequenceTrafficLightStateMachine.srcs/sim_1/new/traffictb.v:102]
WARNING: [VRFC 10-8967] first argument of $fatal is invalid; expected 0, 1 or 2 [C:/archive/4waytrafficlightsignal/Hybrid/FixedSequenceTrafficLightStateMachine.srcs/sim_1/new/traffictb.v:103]
WARNING: [VRFC 10-8967] first argument of $fatal is invalid; expected 0, 1 or 2 [C:/archive/4waytrafficlightsignal/Hybrid/FixedSequenceTrafficLightStateMachine.srcs/sim_1/new/traffictb.v:104]
WARNING: [VRFC 10-8967] first argument of $fatal is invalid; expected 0, 1 or 2 [C:/archive/4waytrafficlightsignal/Hybrid/FixedSequenceTrafficLightStateMachine.srcs/sim_1/new/traffictb.v:105]
WARNING: [VRFC 10-8967] first argument of $fatal is invalid; expected 0, 1 or 2 [C:/archive/4waytrafficlightsignal/Hybrid/FixedSequenceTrafficLightStateMachine.srcs/sim_1/new/traffictb.v:106]
WARNING: [VRFC 10-8967] first argument of $fatal is invalid; expected 0, 1 or 2 [C:/archive/4waytrafficlightsignal/Hybrid/FixedSequenceTrafficLightStateMachine.srcs/sim_1/new/traffictb.v:107]
WARNING: [VRFC 10-8967] first argument of $fatal is invalid; expected 0, 1 or 2 [C:/archive/4waytrafficlightsignal/Hybrid/FixedSequenceTrafficLightStateMachine.srcs/sim_1/new/traffictb.v:108]
WARNING: [VRFC 10-8967] first argument of $fatal is invalid; expected 0, 1 or 2 [C:/archive/4waytrafficlightsignal/Hybrid/FixedSequenceTrafficLightStateMachine.srcs/sim_1/new/traffictb.v:109]
WARNING: [VRFC 10-8967] first argument of $fatal is invalid; expected 0, 1 or 2 [C:/archive/4waytrafficlightsignal/Hybrid/FixedSequenceTrafficLightStateMachine.srcs/sim_1/new/traffictb.v:110]
WARNING: [VRFC 10-8967] first argument of $fatal is invalid; expected 0, 1 or 2 [C:/archive/4waytrafficlightsignal/Hybrid/FixedSequenceTrafficLightStateMachine.srcs/sim_1/new/traffictb.v:111]
WARNING: [VRFC 10-8967] first argument of $fatal is invalid; expected 0, 1 or 2 [C:/archive/4waytrafficlightsignal/Hybrid/FixedSequenceTrafficLightStateMachine.srcs/sim_1/new/traffictb.v:112]
WARNING: [VRFC 10-8967] first argument of $fatal is invalid; expected 0, 1 or 2 [C:/archive/4waytrafficlightsignal/Hybrid/FixedSequenceTrafficLightStateMachine.srcs/sim_1/new/traffictb.v:113]
WARNING: [VRFC 10-8967] first argument of $fatal is invalid; expected 0, 1 or 2 [C:/archive/4waytrafficlightsignal/Hybrid/FixedSequenceTrafficLightStateMachine.srcs/sim_1/new/traffictb.v:114]
WARNING: [VRFC 10-8967] first argument of $fatal is invalid; expected 0, 1 or 2 [C:/archive/4waytrafficlightsignal/Hybrid/FixedSequenceTrafficLightStateMachine.srcs/sim_1/new/traffictb.v:115]
WARNING: [VRFC 10-8967] first argument of $fatal is invalid; expected 0, 1 or 2 [C:/archive/4waytrafficlightsignal/Hybrid/FixedSequenceTrafficLightStateMachine.srcs/sim_1/new/traffictb.v:116]
WARNING: [VRFC 10-8967] first argument of $fatal is invalid; expected 0, 1 or 2 [C:/archive/4waytrafficlightsignal/Hybrid/FixedSequenceTrafficLightStateMachine.srcs/sim_1/new/traffictb.v:117]
WARNING: [VRFC 10-8967] first argument of $fatal is invalid; expected 0, 1 or 2 [C:/archive/4waytrafficlightsignal/Hybrid/FixedSequenceTrafficLightStateMachine.srcs/sim_1/new/traffictb.v:118]
WARNING: [VRFC 10-8967] first argument of $fatal is invalid; expected 0, 1 or 2 [C:/archive/4waytrafficlightsignal/Hybrid/FixedSequenceTrafficLightStateMachine.srcs/sim_1/new/traffictb.v:119]
WARNING: [VRFC 10-8967] first argument of $fatal is invalid; expected 0, 1 or 2 [C:/archive/4waytrafficlightsignal/Hybrid/FixedSequenceTrafficLightStateMachine.srcs/sim_1/new/traffictb.v:120]
WARNING: [VRFC 10-8967] first argument of $fatal is invalid; expected 0, 1 or 2 [C:/archive/4waytrafficlightsignal/Hybrid/FixedSequenceTrafficLightStateMachine.srcs/sim_1/new/traffictb.v:121]
WARNING: [VRFC 10-8967] first argument of $fatal is invalid; expected 0, 1 or 2 [C:/archive/4waytrafficlightsignal/Hybrid/FixedSequenceTrafficLightStateMachine.srcs/sim_1/new/traffictb.v:122]
WARNING: [VRFC 10-8967] first argument of $fatal is invalid; expected 0, 1 or 2 [C:/archive/4waytrafficlightsignal/Hybrid/FixedSequenceTrafficLightStateMachine.srcs/sim_1/new/traffictb.v:123]
WARNING: [VRFC 10-8967] first argument of $fatal is invalid; expected 0, 1 or 2 [C:/archive/4waytrafficlightsignal/Hybrid/FixedSequenceTrafficLightStateMachine.srcs/sim_1/new/traffictb.v:124]
WARNING: [VRFC 10-8967] first argument of $fatal is invalid; expected 0, 1 or 2 [C:/archive/4waytrafficlightsignal/Hybrid/FixedSequenceTrafficLightStateMachine.srcs/sim_1/new/traffictb.v:125]
WARNING: [VRFC 10-8967] first argument of $fatal is invalid; expected 0, 1 or 2 [C:/archive/4waytrafficlightsignal/Hybrid/FixedSequenceTrafficLightStateMachine.srcs/sim_1/new/traffictb.v:126]
WARNING: [VRFC 10-8967] first argument of $fatal is invalid; expected 0, 1 or 2 [C:/archive/4waytrafficlightsignal/Hybrid/FixedSequenceTrafficLightStateMachine.srcs/sim_1/new/traffictb.v:127]
WARNING: [VRFC 10-8967] first argument of $fatal is invalid; expected 0, 1 or 2 [C:/archive/4waytrafficlightsignal/Hybrid/FixedSequenceTrafficLightStateMachine.srcs/sim_1/new/traffictb.v:128]
WARNING: [VRFC 10-8967] first argument of $fatal is invalid; expected 0, 1 or 2 [C:/archive/4waytrafficlightsignal/Hybrid/FixedSequenceTrafficLightStateMachine.srcs/sim_1/new/traffictb.v:129]
WARNING: [VRFC 10-8967] first argument of $fatal is invalid; expected 0, 1 or 2 [C:/archive/4waytrafficlightsignal/Hybrid/FixedSequenceTrafficLightStateMachine.srcs/sim_1/new/traffictb.v:130]
WARNING: [VRFC 10-8967] first argument of $fatal is invalid; expected 0, 1 or 2 [C:/archive/4waytrafficlightsignal/Hybrid/FixedSequenceTrafficLightStateMachine.srcs/sim_1/new/traffictb.v:131]
WARNING: [VRFC 10-8967] first argument of $fatal is invalid; expected 0, 1 or 2 [C:/archive/4waytrafficlightsignal/Hybrid/FixedSequenceTrafficLightStateMachine.srcs/sim_1/new/traffictb.v:132]
WARNING: [VRFC 10-8967] first argument of $fatal is invalid; expected 0, 1 or 2 [C:/archive/4waytrafficlightsignal/Hybrid/FixedSequenceTrafficLightStateMachine.srcs/sim_1/new/traffictb.v:133]
WARNING: [VRFC 10-8967] first argument of $fatal is invalid; expected 0, 1 or 2 [C:/archive/4waytrafficlightsignal/Hybrid/FixedSequenceTrafficLightStateMachine.srcs/sim_1/new/traffictb.v:134]
WARNING: [VRFC 10-8967] first argument of $fatal is invalid; expected 0, 1 or 2 [C:/archive/4waytrafficlightsignal/Hybrid/FixedSequenceTrafficLightStateMachine.srcs/sim_1/new/traffictb.v:135]
WARNING: [VRFC 10-8967] first argument of $fatal is invalid; expected 0, 1 or 2 [C:/archive/4waytrafficlightsignal/Hybrid/FixedSequenceTrafficLightStateMachine.srcs/sim_1/new/traffictb.v:136]
WARNING: [VRFC 10-8967] first argument of $fatal is invalid; expected 0, 1 or 2 [C:/archive/4waytrafficlightsignal/Hybrid/FixedSequenceTrafficLightStateMachine.srcs/sim_1/new/traffictb.v:137]
WARNING: [VRFC 10-8967] first argument of $fatal is invalid; expected 0, 1 or 2 [C:/archive/4waytrafficlightsignal/Hybrid/FixedSequenceTrafficLightStateMachine.srcs/sim_1/new/traffictb.v:138]
WARNING: [VRFC 10-8967] first argument of $fatal is invalid; expected 0, 1 or 2 [C:/archive/4waytrafficlightsignal/Hybrid/FixedSequenceTrafficLightStateMachine.srcs/sim_1/new/traffictb.v:139]
WARNING: [VRFC 10-8967] first argument of $fatal is invalid; expected 0, 1 or 2 [C:/archive/4waytrafficlightsignal/Hybrid/FixedSequenceTrafficLightStateMachine.srcs/sim_1/new/traffictb.v:140]
WARNING: [VRFC 10-8967] first argument of $fatal is invalid; expected 0, 1 or 2 [C:/archive/4waytrafficlightsignal/Hybrid/FixedSequenceTrafficLightStateMachine.srcs/sim_1/new/traffictb.v:141]
Completed static elaboration
INFO: [XSIM 43-4329] Assuming default value 1 for the first arguement of $fatal at Line 93, File C:/archive/4waytrafficlightsignal/Hybrid/FixedSequenceTrafficLightStateMachine.srcs/sim_1/new/traffictb.v
INFO: [XSIM 43-4329] Assuming default value 1 for the first arguement of $fatal at Line 94, File C:/archive/4waytrafficlightsignal/Hybrid/FixedSequenceTrafficLightStateMachine.srcs/sim_1/new/traffictb.v
INFO: [XSIM 43-4329] Assuming default value 1 for the first arguement of $fatal at Line 95, File C:/archive/4waytrafficlightsignal/Hybrid/FixedSequenceTrafficLightStateMachine.srcs/sim_1/new/traffictb.v
INFO: [XSIM 43-4329] Assuming default value 1 for the first arguement of $fatal at Line 96, File C:/archive/4waytrafficlightsignal/Hybrid/FixedSequenceTrafficLightStateMachine.srcs/sim_1/new/traffictb.v
INFO: [XSIM 43-4329] Assuming default value 1 for the first arguement of $fatal at Line 97, File C:/archive/4waytrafficlightsignal/Hybrid/FixedSequenceTrafficLightStateMachine.srcs/sim_1/new/traffictb.v
INFO: [XSIM 43-4329] Assuming default value 1 for the first arguement of $fatal at Line 98, File C:/archive/4waytrafficlightsignal/Hybrid/FixedSequenceTrafficLightStateMachine.srcs/sim_1/new/traffictb.v
INFO: [XSIM 43-4329] Assuming default value 1 for the first arguement of $fatal at Line 99, File C:/archive/4waytrafficlightsignal/Hybrid/FixedSequenceTrafficLightStateMachine.srcs/sim_1/new/traffictb.v
INFO: [XSIM 43-4329] Assuming default value 1 for the first arguement of $fatal at Line 100, File C:/archive/4waytrafficlightsignal/Hybrid/FixedSequenceTrafficLightStateMachine.srcs/sim_1/new/traffictb.v
INFO: [XSIM 43-4329] Assuming default value 1 for the first arguement of $fatal at Line 101, File C:/archive/4waytrafficlightsignal/Hybrid/FixedSequenceTrafficLightStateMachine.srcs/sim_1/new/traffictb.v
INFO: [XSIM 43-4329] Assuming default value 1 for the first arguement of $fatal at Line 102, File C:/archive/4waytrafficlightsignal/Hybrid/FixedSequenceTrafficLightStateMachine.srcs/sim_1/new/traffictb.v
INFO: [XSIM 43-4329] Assuming default value 1 for the first arguement of $fatal at Line 103, File C:/archive/4waytrafficlightsignal/Hybrid/FixedSequenceTrafficLightStateMachine.srcs/sim_1/new/traffictb.v
INFO: [XSIM 43-4329] Assuming default value 1 for the first arguement of $fatal at Line 104, File C:/archive/4waytrafficlightsignal/Hybrid/FixedSequenceTrafficLightStateMachine.srcs/sim_1/new/traffictb.v
INFO: [XSIM 43-4329] Assuming default value 1 for the first arguement of $fatal at Line 105, File C:/archive/4waytrafficlightsignal/Hybrid/FixedSequenceTrafficLightStateMachine.srcs/sim_1/new/traffictb.v
INFO: [XSIM 43-4329] Assuming default value 1 for the first arguement of $fatal at Line 106, File C:/archive/4waytrafficlightsignal/Hybrid/FixedSequenceTrafficLightStateMachine.srcs/sim_1/new/traffictb.v
INFO: [XSIM 43-4329] Assuming default value 1 for the first arguement of $fatal at Line 107, File C:/archive/4waytrafficlightsignal/Hybrid/FixedSequenceTrafficLightStateMachine.srcs/sim_1/new/traffictb.v
INFO: [XSIM 43-4329] Assuming default value 1 for the first arguement of $fatal at Line 108, File C:/archive/4waytrafficlightsignal/Hybrid/FixedSequenceTrafficLightStateMachine.srcs/sim_1/new/traffictb.v
INFO: [XSIM 43-4329] Assuming default value 1 for the first arguement of $fatal at Line 109, File C:/archive/4waytrafficlightsignal/Hybrid/FixedSequenceTrafficLightStateMachine.srcs/sim_1/new/traffictb.v
INFO: [XSIM 43-4329] Assuming default value 1 for the first arguement of $fatal at Line 110, File C:/archive/4waytrafficlightsignal/Hybrid/FixedSequenceTrafficLightStateMachine.srcs/sim_1/new/traffictb.v
INFO: [XSIM 43-4329] Assuming default value 1 for the first arguement of $fatal at Line 111, File C:/archive/4waytrafficlightsignal/Hybrid/FixedSequenceTrafficLightStateMachine.srcs/sim_1/new/traffictb.v
INFO: [XSIM 43-4329] Assuming default value 1 for the first arguement of $fatal at Line 112, File C:/archive/4waytrafficlightsignal/Hybrid/FixedSequenceTrafficLightStateMachine.srcs/sim_1/new/traffictb.v
INFO: [XSIM 43-4329] Assuming default value 1 for the first arguement of $fatal at Line 113, File C:/archive/4waytrafficlightsignal/Hybrid/FixedSequenceTrafficLightStateMachine.srcs/sim_1/new/traffictb.v
INFO: [XSIM 43-4329] Assuming default value 1 for the first arguement of $fatal at Line 114, File C:/archive/4waytrafficlightsignal/Hybrid/FixedSequenceTrafficLightStateMachine.srcs/sim_1/new/traffictb.v
INFO: [XSIM 43-4329] Assuming default value 1 for the first arguement of $fatal at Line 115, File C:/archive/4waytrafficlightsignal/Hybrid/FixedSequenceTrafficLightStateMachine.srcs/sim_1/new/traffictb.v
INFO: [XSIM 43-4329] Assuming default value 1 for the first arguement of $fatal at Line 116, File C:/archive/4waytrafficlightsignal/Hybrid/FixedSequenceTrafficLightStateMachine.srcs/sim_1/new/traffictb.v
INFO: [XSIM 43-4329] Assuming default value 1 for the first arguement of $fatal at Line 117, File C:/archive/4waytrafficlightsignal/Hybrid/FixedSequenceTrafficLightStateMachine.srcs/sim_1/new/traffictb.v
INFO: [XSIM 43-4329] Assuming default value 1 for the first arguement of $fatal at Line 118, File C:/archive/4waytrafficlightsignal/Hybrid/FixedSequenceTrafficLightStateMachine.srcs/sim_1/new/traffictb.v
INFO: [XSIM 43-4329] Assuming default value 1 for the first arguement of $fatal at Line 119, File C:/archive/4waytrafficlightsignal/Hybrid/FixedSequenceTrafficLightStateMachine.srcs/sim_1/new/traffictb.v
INFO: [XSIM 43-4329] Assuming default value 1 for the first arguement of $fatal at Line 120, File C:/archive/4waytrafficlightsignal/Hybrid/FixedSequenceTrafficLightStateMachine.srcs/sim_1/new/traffictb.v
INFO: [XSIM 43-4329] Assuming default value 1 for the first arguement of $fatal at Line 121, File C:/archive/4waytrafficlightsignal/Hybrid/FixedSequenceTrafficLightStateMachine.srcs/sim_1/new/traffictb.v
INFO: [XSIM 43-4329] Assuming default value 1 for the first arguement of $fatal at Line 122, File C:/archive/4waytrafficlightsignal/Hybrid/FixedSequenceTrafficLightStateMachine.srcs/sim_1/new/traffictb.v
INFO: [XSIM 43-4329] Assuming default value 1 for the first arguement of $fatal at Line 123, File C:/archive/4waytrafficlightsignal/Hybrid/FixedSequenceTrafficLightStateMachine.srcs/sim_1/new/traffictb.v
INFO: [XSIM 43-4329] Assuming default value 1 for the first arguement of $fatal at Line 124, File C:/archive/4waytrafficlightsignal/Hybrid/FixedSequenceTrafficLightStateMachine.srcs/sim_1/new/traffictb.v
INFO: [XSIM 43-4329] Assuming default value 1 for the first arguement of $fatal at Line 125, File C:/archive/4waytrafficlightsignal/Hybrid/FixedSequenceTrafficLightStateMachine.srcs/sim_1/new/traffictb.v
INFO: [XSIM 43-4329] Assuming default value 1 for the first arguement of $fatal at Line 126, File C:/archive/4waytrafficlightsignal/Hybrid/FixedSequenceTrafficLightStateMachine.srcs/sim_1/new/traffictb.v
INFO: [XSIM 43-4329] Assuming default value 1 for the first arguement of $fatal at Line 127, File C:/archive/4waytrafficlightsignal/Hybrid/FixedSequenceTrafficLightStateMachine.srcs/sim_1/new/traffictb.v
INFO: [XSIM 43-4329] Assuming default value 1 for the first arguement of $fatal at Line 128, File C:/archive/4waytrafficlightsignal/Hybrid/FixedSequenceTrafficLightStateMachine.srcs/sim_1/new/traffictb.v
INFO: [XSIM 43-4329] Assuming default value 1 for the first arguement of $fatal at Line 129, File C:/archive/4waytrafficlightsignal/Hybrid/FixedSequenceTrafficLightStateMachine.srcs/sim_1/new/traffictb.v
INFO: [XSIM 43-4329] Assuming default value 1 for the first arguement of $fatal at Line 130, File C:/archive/4waytrafficlightsignal/Hybrid/FixedSequenceTrafficLightStateMachine.srcs/sim_1/new/traffictb.v
INFO: [XSIM 43-4329] Assuming default value 1 for the first arguement of $fatal at Line 131, File C:/archive/4waytrafficlightsignal/Hybrid/FixedSequenceTrafficLightStateMachine.srcs/sim_1/new/traffictb.v
INFO: [XSIM 43-4329] Assuming default value 1 for the first arguement of $fatal at Line 132, File C:/archive/4waytrafficlightsignal/Hybrid/FixedSequenceTrafficLightStateMachine.srcs/sim_1/new/traffictb.v
INFO: [XSIM 43-4329] Assuming default value 1 for the first arguement of $fatal at Line 133, File C:/archive/4waytrafficlightsignal/Hybrid/FixedSequenceTrafficLightStateMachine.srcs/sim_1/new/traffictb.v
INFO: [XSIM 43-4329] Assuming default value 1 for the first arguement of $fatal at Line 134, File C:/archive/4waytrafficlightsignal/Hybrid/FixedSequenceTrafficLightStateMachine.srcs/sim_1/new/traffictb.v
INFO: [XSIM 43-4329] Assuming default value 1 for the first arguement of $fatal at Line 135, File C:/archive/4waytrafficlightsignal/Hybrid/FixedSequenceTrafficLightStateMachine.srcs/sim_1/new/traffictb.v
INFO: [XSIM 43-4329] Assuming default value 1 for the first arguement of $fatal at Line 136, File C:/archive/4waytrafficlightsignal/Hybrid/FixedSequenceTrafficLightStateMachine.srcs/sim_1/new/traffictb.v
INFO: [XSIM 43-4329] Assuming default value 1 for the first arguement of $fatal at Line 137, File C:/archive/4waytrafficlightsignal/Hybrid/FixedSequenceTrafficLightStateMachine.srcs/sim_1/new/traffictb.v
INFO: [XSIM 43-4329] Assuming default value 1 for the first arguement of $fatal at Line 138, File C:/archive/4waytrafficlightsignal/Hybrid/FixedSequenceTrafficLightStateMachine.srcs/sim_1/new/traffictb.v
INFO: [XSIM 43-4329] Assuming default value 1 for the first arguement of $fatal at Line 139, File C:/archive/4waytrafficlightsignal/Hybrid/FixedSequenceTrafficLightStateMachine.srcs/sim_1/new/traffictb.v
INFO: [XSIM 43-4329] Assuming default value 1 for the first arguement of $fatal at Line 140, File C:/archive/4waytrafficlightsignal/Hybrid/FixedSequenceTrafficLightStateMachine.srcs/sim_1/new/traffictb.v
INFO: [XSIM 43-4329] Assuming default value 1 for the first arguement of $fatal at Line 141, File C:/archive/4waytrafficlightsignal/Hybrid/FixedSequenceTrafficLightStateMachine.srcs/sim_1/new/traffictb.v
Starting simulation data flow analysis
Completed simulation data flow analysis
Time Resolution for simulation is 1ps
Compiling module xil_defaultlib.traffic
Compiling module xil_defaultlib.top
Compiling module xil_defaultlib.traffic_tb
Compiling module xil_defaultlib.glbl
Built simulation snapshot traffic_tb_behav
